<?xml version="1.0" encoding="UTF-8"?>
<testsuites>
  <testsuite name="/Users/jessehendriks/Sites/external-apis/phpunit.xml.dist" tests="37" assertions="112" errors="0" failures="0" skipped="0" time="0.754325">
    <testsuite name="VendorName Test Suite" tests="37" assertions="112" errors="0" failures="0" skipped="0" time="0.754325">
      <testsuite name="Tests\Integrations\AhrefsConnectorTest" file="tests/Integrations/AhrefsConnectorTest.php" tests="2" assertions="3" errors="0" failures="0" skipped="0" time="0.132134">
        <testcase name="it resolves the correct base url" file="tests/Integrations/AhrefsConnectorTest.php::it resolves the correct base url" class="Tests\Integrations\AhrefsConnectorTest" classname="Tests.Integrations.AhrefsConnectorTest" assertions="1" time="0.103498"/>
        <testcase name="it can send a domain rating request" file="tests/Integrations/AhrefsConnectorTest.php::it can send a domain rating request" class="Tests\Integrations\AhrefsConnectorTest" classname="Tests.Integrations.AhrefsConnectorTest" assertions="2" time="0.028636"/>
      </testsuite>
      <testsuite name="Tests\Integrations\DataForSeoConnectorTest" file="tests/Integrations/DataForSeoConnectorTest.php" tests="2" assertions="3" errors="0" failures="0" skipped="0" time="0.034437">
        <testcase name="it has correct timeout settings" file="tests/Integrations/DataForSeoConnectorTest.php::it has correct timeout settings" class="Tests\Integrations\DataForSeoConnectorTest" classname="Tests.Integrations.DataForSeoConnectorTest" assertions="2" time="0.026614"/>
        <testcase name="it resolves the correct base url" file="tests/Integrations/DataForSeoConnectorTest.php::it resolves the correct base url" class="Tests\Integrations\DataForSeoConnectorTest" classname="Tests.Integrations.DataForSeoConnectorTest" assertions="1" time="0.007823"/>
      </testsuite>
      <testsuite name="Tests\UsageTracking\SemrushTrackingTest" file="tests/UsageTracking/SemrushTrackingTest.php" tests="8" assertions="31" errors="0" failures="0" skipped="0" time="0.199749">
        <testcase name="it records api_log and api_usage_log for backlinks overview" file="tests/UsageTracking/SemrushTrackingTest.php::it records api_log and api_usage_log for backlinks overview" class="Tests\UsageTracking\SemrushTrackingTest" classname="Tests.UsageTracking.SemrushTrackingTest" assertions="10" time="0.074229"/>
        <testcase name="it logs balance request with zero units and zero cost" file="tests/UsageTracking/SemrushTrackingTest.php::it logs balance request with zero units and zero cost" class="Tests\UsageTracking\SemrushTrackingTest" classname="Tests.UsageTracking.SemrushTrackingTest" assertions="5" time="0.019693"/>
        <testcase name="it triggers semrush budget check after successful usage logging" file="tests/UsageTracking/SemrushTrackingTest.php::it triggers semrush budget check after successful usage logging" class="Tests\UsageTracking\SemrushTrackingTest" classname="Tests.UsageTracking.SemrushTrackingTest" assertions="2" time="0.027131"/>
        <testcase name="it records batch comparison units as 40 per target domain" file="tests/UsageTracking/SemrushTrackingTest.php::it records batch comparison units as 40 per target domain" class="Tests\UsageTracking\SemrushTrackingTest" classname="Tests.UsageTracking.SemrushTrackingTest" assertions="4" time="0.019139"/>
        <testcase name="it uses units for semrush month-to-date budget calculations" file="tests/UsageTracking/SemrushTrackingTest.php::it uses units for semrush month-to-date budget calculations" class="Tests\UsageTracking\SemrushTrackingTest" classname="Tests.UsageTracking.SemrushTrackingTest" assertions="1" time="0.014783"/>
        <testcase name="it logs failed semrush requests as zero units and error status" file="tests/UsageTracking/SemrushTrackingTest.php::it logs failed semrush requests as zero units and error status" class="Tests\UsageTracking\SemrushTrackingTest" classname="Tests.UsageTracking.SemrushTrackingTest" assertions="5" time="0.016815"/>
        <testcase name="it requires tracking context for semrush requests" file="tests/UsageTracking/SemrushTrackingTest.php::it requires tracking context for semrush requests" class="Tests\UsageTracking\SemrushTrackingTest" classname="Tests.UsageTracking.SemrushTrackingTest" assertions="2" time="0.013127"/>
        <testcase name="it fails fast for unsupported semrush requests" file="tests/UsageTracking/SemrushTrackingTest.php::it fails fast for unsupported semrush requests" class="Tests\UsageTracking\SemrushTrackingTest" classname="Tests.UsageTracking.SemrushTrackingTest" assertions="2" time="0.014831"/>
      </testsuite>
      <testsuite name="Tests\ServiceProviderTest" file="tests/ServiceProviderTest.php" tests="10" assertions="14" errors="0" failures="0" skipped="0" time="0.141178">
        <testcase name="it registers the semrush usage tracker service" file="tests/ServiceProviderTest.php::it registers the semrush usage tracker service" class="Tests\ServiceProviderTest" classname="Tests.ServiceProviderTest" assertions="1" time="0.047827"/>
        <testcase name="it registers the semrush connector" file="tests/ServiceProviderTest.php::it registers the semrush connector" class="Tests\ServiceProviderTest" classname="Tests.ServiceProviderTest" assertions="1" time="0.007934"/>
        <testcase name="it registers the openai client" file="tests/ServiceProviderTest.php::it registers the openai client" class="Tests\ServiceProviderTest" classname="Tests.ServiceProviderTest" assertions="1" time="0.018732"/>
        <testcase name="it registers the dataforseo connector" file="tests/ServiceProviderTest.php::it registers the dataforseo connector" class="Tests\ServiceProviderTest" classname="Tests.ServiceProviderTest" assertions="1" time="0.008354"/>
        <testcase name="it registers the moz connector" file="tests/ServiceProviderTest.php::it registers the moz connector" class="Tests\ServiceProviderTest" classname="Tests.ServiceProviderTest" assertions="1" time="0.009399"/>
        <testcase name="it registers the hunter connector" file="tests/ServiceProviderTest.php::it registers the hunter connector" class="Tests\ServiceProviderTest" classname="Tests.ServiceProviderTest" assertions="1" time="0.008757"/>
        <testcase name="it registers the gemini client" file="tests/ServiceProviderTest.php::it registers the gemini client" class="Tests\ServiceProviderTest" classname="Tests.ServiceProviderTest" assertions="1" time="0.013574"/>
        <testcase name="it loads the configuration" file="tests/ServiceProviderTest.php::it loads the configuration" class="Tests\ServiceProviderTest" classname="Tests.ServiceProviderTest" assertions="5" time="0.008346"/>
        <testcase name="it registers semrush connector as transient" file="tests/ServiceProviderTest.php::it registers semrush connector as transient" class="Tests\ServiceProviderTest" classname="Tests.ServiceProviderTest" assertions="1" time="0.008682"/>
        <testcase name="it registers the ahrefs connector" file="tests/ServiceProviderTest.php::it registers the ahrefs connector" class="Tests\ServiceProviderTest" classname="Tests.ServiceProviderTest" assertions="1" time="0.009574"/>
      </testsuite>
      <testsuite name="Tests\Integrations\SemrushConnectorTest" file="tests/Integrations/SemrushConnectorTest.php" tests="15" assertions="61" errors="0" failures="0" skipped="0" time="0.246827">
        <testcase name="it maps semrush api units balance response into dto" file="tests/Integrations/SemrushConnectorTest.php::it maps semrush api units balance response into dto" class="Tests\Integrations\SemrushConnectorTest" classname="Tests.Integrations.SemrushConnectorTest" assertions="2" time="0.070310"/>
        <testcase name="it maps backlinks overview csv response into dto" file="tests/Integrations/SemrushConnectorTest.php::it maps backlinks overview csv response into dto" class="Tests\Integrations\SemrushConnectorTest" classname="Tests.Integrations.SemrushConnectorTest" assertions="4" time="0.014484"/>
        <testcase name="it maps comma-separated semrush api units balance response into dto" file="tests/Integrations/SemrushConnectorTest.php::it maps comma-separated semrush api units balance response into dto" class="Tests\Integrations\SemrushConnectorTest" classname="Tests.Integrations.SemrushConnectorTest" assertions="2" time="0.013509"/>
        <testcase name="it serializes batch comparison targets with bracket notation (no indexes)" file="tests/Integrations/SemrushConnectorTest.php::it serializes batch comparison targets with bracket notation (no indexes)" class="Tests\Integrations\SemrushConnectorTest" classname="Tests.Integrations.SemrushConnectorTest" assertions="5" time="0.014363"/>
        <testcase name="it resolves the correct base url" file="tests/Integrations/SemrushConnectorTest.php::it resolves the correct base url" class="Tests\Integrations\SemrushConnectorTest" classname="Tests.Integrations.SemrushConnectorTest" assertions="1" time="0.008510"/>
        <testcase name="it auto-detects comma delimiter for semrush csv parsing" file="tests/Integrations/SemrushConnectorTest.php::it auto-detects comma delimiter for semrush csv parsing" class="Tests\Integrations\SemrushConnectorTest" classname="Tests.Integrations.SemrushConnectorTest" assertions="4" time="0.013271"/>
        <testcase name="it returns an empty dto for empty semrush csv body" file="tests/Integrations/SemrushConnectorTest.php::it returns an empty dto for empty semrush csv body" class="Tests\Integrations\SemrushConnectorTest" classname="Tests.Integrations.SemrushConnectorTest" assertions="3" time="0.014881"/>
        <testcase name="it builds backlinks overview query correctly" file="tests/Integrations/SemrushConnectorTest.php::it builds backlinks overview query correctly" class="Tests\Integrations\SemrushConnectorTest" classname="Tests.Integrations.SemrushConnectorTest" assertions="14" time="0.010967"/>
        <testcase name="it throws when semrush api units balance response is invalid" file="tests/Integrations/SemrushConnectorTest.php::it throws when semrush api units balance response is invalid" class="Tests\Integrations\SemrushConnectorTest" classname="Tests.Integrations.SemrushConnectorTest" assertions="1" time="0.013782"/>
        <testcase name="it builds api units balance query correctly" file="tests/Integrations/SemrushConnectorTest.php::it builds api units balance query correctly" class="Tests\Integrations\SemrushConnectorTest" classname="Tests.Integrations.SemrushConnectorTest" assertions="4" time="0.008827"/>
        <testcase name="it throws when semrush csv row has mismatched column count" file="tests/Integrations/SemrushConnectorTest.php::it throws when semrush csv row has mismatched column count" class="Tests\Integrations\SemrushConnectorTest" classname="Tests.Integrations.SemrushConnectorTest" assertions="1" time="0.014379"/>
        <testcase name="it builds batch comparison query correctly" file="tests/Integrations/SemrushConnectorTest.php::it builds batch comparison query correctly" class="Tests\Integrations\SemrushConnectorTest" classname="Tests.Integrations.SemrushConnectorTest" assertions="14" time="0.009973"/>
        <testcase name="it rejects batch comparison when target counts mismatch" file="tests/Integrations/SemrushConnectorTest.php::it rejects batch comparison when target counts mismatch" class="Tests\Integrations\SemrushConnectorTest" classname="Tests.Integrations.SemrushConnectorTest" assertions="1" time="0.009065"/>
        <testcase name="it maps batch comparison csv response into dto" file="tests/Integrations/SemrushConnectorTest.php::it maps batch comparison csv response into dto" class="Tests\Integrations\SemrushConnectorTest" classname="Tests.Integrations.SemrushConnectorTest" assertions="4" time="0.014648"/>
        <testcase name="it throws when semrush csv headers contain duplicates" file="tests/Integrations/SemrushConnectorTest.php::it throws when semrush csv headers contain duplicates" class="Tests\Integrations\SemrushConnectorTest" classname="Tests.Integrations.SemrushConnectorTest" assertions="1" time="0.015858"/>
      </testsuite>
    </testsuite>
  </testsuite>
</testsuites>
