<?xml version="1.0" encoding="UTF-8"?>
<testsuites>
  <testsuite name="/Users/jessehendriks/Sites/external-apis/phpunit.xml.dist" tests="37" assertions="112" errors="0" failures="0" skipped="0" time="0.807362">
    <testsuite name="VendorName Test Suite" tests="37" assertions="112" errors="0" failures="0" skipped="0" time="0.807362">
      <testsuite name="Tests\Integrations\SemrushConnectorTest" file="tests/Integrations/SemrushConnectorTest.php" tests="15" assertions="61" errors="0" failures="0" skipped="0" time="0.368331">
        <testcase name="it maps semrush api units balance response into dto" file="tests/Integrations/SemrushConnectorTest.php::it maps semrush api units balance response into dto" class="Tests\Integrations\SemrushConnectorTest" classname="Tests.Integrations.SemrushConnectorTest" assertions="2" time="0.185646"/>
        <testcase name="it throws when semrush csv row has mismatched column count" file="tests/Integrations/SemrushConnectorTest.php::it throws when semrush csv row has mismatched column count" class="Tests\Integrations\SemrushConnectorTest" classname="Tests.Integrations.SemrushConnectorTest" assertions="1" time="0.016808"/>
        <testcase name="it serializes batch comparison targets with bracket notation (no indexes)" file="tests/Integrations/SemrushConnectorTest.php::it serializes batch comparison targets with bracket notation (no indexes)" class="Tests\Integrations\SemrushConnectorTest" classname="Tests.Integrations.SemrushConnectorTest" assertions="5" time="0.016317"/>
        <testcase name="it maps comma-separated semrush api units balance response into dto" file="tests/Integrations/SemrushConnectorTest.php::it maps comma-separated semrush api units balance response into dto" class="Tests\Integrations\SemrushConnectorTest" classname="Tests.Integrations.SemrushConnectorTest" assertions="2" time="0.013218"/>
        <testcase name="it builds api units balance query correctly" file="tests/Integrations/SemrushConnectorTest.php::it builds api units balance query correctly" class="Tests\Integrations\SemrushConnectorTest" classname="Tests.Integrations.SemrushConnectorTest" assertions="4" time="0.009561"/>
        <testcase name="it returns an empty dto for empty semrush csv body" file="tests/Integrations/SemrushConnectorTest.php::it returns an empty dto for empty semrush csv body" class="Tests\Integrations\SemrushConnectorTest" classname="Tests.Integrations.SemrushConnectorTest" assertions="3" time="0.013742"/>
        <testcase name="it resolves the correct base url" file="tests/Integrations/SemrushConnectorTest.php::it resolves the correct base url" class="Tests\Integrations\SemrushConnectorTest" classname="Tests.Integrations.SemrushConnectorTest" assertions="1" time="0.008263"/>
        <testcase name="it throws when semrush csv headers contain duplicates" file="tests/Integrations/SemrushConnectorTest.php::it throws when semrush csv headers contain duplicates" class="Tests\Integrations\SemrushConnectorTest" classname="Tests.Integrations.SemrushConnectorTest" assertions="1" time="0.015826"/>
        <testcase name="it builds backlinks overview query correctly" file="tests/Integrations/SemrushConnectorTest.php::it builds backlinks overview query correctly" class="Tests\Integrations\SemrushConnectorTest" classname="Tests.Integrations.SemrushConnectorTest" assertions="14" time="0.009827"/>
        <testcase name="it builds batch comparison query correctly" file="tests/Integrations/SemrushConnectorTest.php::it builds batch comparison query correctly" class="Tests\Integrations\SemrushConnectorTest" classname="Tests.Integrations.SemrushConnectorTest" assertions="14" time="0.009381"/>
        <testcase name="it maps backlinks overview csv response into dto" file="tests/Integrations/SemrushConnectorTest.php::it maps backlinks overview csv response into dto" class="Tests\Integrations\SemrushConnectorTest" classname="Tests.Integrations.SemrushConnectorTest" assertions="4" time="0.015043"/>
        <testcase name="it throws when semrush api units balance response is invalid" file="tests/Integrations/SemrushConnectorTest.php::it throws when semrush api units balance response is invalid" class="Tests\Integrations\SemrushConnectorTest" classname="Tests.Integrations.SemrushConnectorTest" assertions="1" time="0.015284"/>
        <testcase name="it auto-detects comma delimiter for semrush csv parsing" file="tests/Integrations/SemrushConnectorTest.php::it auto-detects comma delimiter for semrush csv parsing" class="Tests\Integrations\SemrushConnectorTest" classname="Tests.Integrations.SemrushConnectorTest" assertions="4" time="0.014503"/>
        <testcase name="it rejects batch comparison when target counts mismatch" file="tests/Integrations/SemrushConnectorTest.php::it rejects batch comparison when target counts mismatch" class="Tests\Integrations\SemrushConnectorTest" classname="Tests.Integrations.SemrushConnectorTest" assertions="1" time="0.009345"/>
        <testcase name="it maps batch comparison csv response into dto" file="tests/Integrations/SemrushConnectorTest.php::it maps batch comparison csv response into dto" class="Tests\Integrations\SemrushConnectorTest" classname="Tests.Integrations.SemrushConnectorTest" assertions="4" time="0.015567"/>
      </testsuite>
      <testsuite name="Tests\ServiceProviderTest" file="tests/ServiceProviderTest.php" tests="10" assertions="14" errors="0" failures="0" skipped="0" time="0.170789">
        <testcase name="it registers the openai client" file="tests/ServiceProviderTest.php::it registers the openai client" class="Tests\ServiceProviderTest" classname="Tests.ServiceProviderTest" assertions="1" time="0.090978"/>
        <testcase name="it registers the hunter connector" file="tests/ServiceProviderTest.php::it registers the hunter connector" class="Tests\ServiceProviderTest" classname="Tests.ServiceProviderTest" assertions="1" time="0.008181"/>
        <testcase name="it registers the ahrefs connector" file="tests/ServiceProviderTest.php::it registers the ahrefs connector" class="Tests\ServiceProviderTest" classname="Tests.ServiceProviderTest" assertions="1" time="0.008520"/>
        <testcase name="it registers the dataforseo connector" file="tests/ServiceProviderTest.php::it registers the dataforseo connector" class="Tests\ServiceProviderTest" classname="Tests.ServiceProviderTest" assertions="1" time="0.008557"/>
        <testcase name="it registers the moz connector" file="tests/ServiceProviderTest.php::it registers the moz connector" class="Tests\ServiceProviderTest" classname="Tests.ServiceProviderTest" assertions="1" time="0.008362"/>
        <testcase name="it registers semrush connector as transient" file="tests/ServiceProviderTest.php::it registers semrush connector as transient" class="Tests\ServiceProviderTest" classname="Tests.ServiceProviderTest" assertions="1" time="0.008213"/>
        <testcase name="it registers the semrush connector" file="tests/ServiceProviderTest.php::it registers the semrush connector" class="Tests\ServiceProviderTest" classname="Tests.ServiceProviderTest" assertions="1" time="0.008177"/>
        <testcase name="it registers the gemini client" file="tests/ServiceProviderTest.php::it registers the gemini client" class="Tests\ServiceProviderTest" classname="Tests.ServiceProviderTest" assertions="1" time="0.013486"/>
        <testcase name="it loads the configuration" file="tests/ServiceProviderTest.php::it loads the configuration" class="Tests\ServiceProviderTest" classname="Tests.ServiceProviderTest" assertions="5" time="0.008256"/>
        <testcase name="it registers the semrush usage tracker service" file="tests/ServiceProviderTest.php::it registers the semrush usage tracker service" class="Tests\ServiceProviderTest" classname="Tests.ServiceProviderTest" assertions="1" time="0.008059"/>
      </testsuite>
      <testsuite name="Tests\UsageTracking\SemrushTrackingTest" file="tests/UsageTracking/SemrushTrackingTest.php" tests="8" assertions="31" errors="0" failures="0" skipped="0" time="0.192046">
        <testcase name="it logs failed semrush requests as zero units and error status" file="tests/UsageTracking/SemrushTrackingTest.php::it logs failed semrush requests as zero units and error status" class="Tests\UsageTracking\SemrushTrackingTest" classname="Tests.UsageTracking.SemrushTrackingTest" assertions="5" time="0.066775"/>
        <testcase name="it records api_log and api_usage_log for backlinks overview" file="tests/UsageTracking/SemrushTrackingTest.php::it records api_log and api_usage_log for backlinks overview" class="Tests\UsageTracking\SemrushTrackingTest" classname="Tests.UsageTracking.SemrushTrackingTest" assertions="10" time="0.019912"/>
        <testcase name="it requires tracking context for semrush requests" file="tests/UsageTracking/SemrushTrackingTest.php::it requires tracking context for semrush requests" class="Tests\UsageTracking\SemrushTrackingTest" classname="Tests.UsageTracking.SemrushTrackingTest" assertions="2" time="0.012081"/>
        <testcase name="it logs balance request with zero units and zero cost" file="tests/UsageTracking/SemrushTrackingTest.php::it logs balance request with zero units and zero cost" class="Tests\UsageTracking\SemrushTrackingTest" classname="Tests.UsageTracking.SemrushTrackingTest" assertions="5" time="0.020528"/>
        <testcase name="it records batch comparison units as 40 per target domain" file="tests/UsageTracking/SemrushTrackingTest.php::it records batch comparison units as 40 per target domain" class="Tests\UsageTracking\SemrushTrackingTest" classname="Tests.UsageTracking.SemrushTrackingTest" assertions="4" time="0.020419"/>
        <testcase name="it uses units for semrush month-to-date budget calculations" file="tests/UsageTracking/SemrushTrackingTest.php::it uses units for semrush month-to-date budget calculations" class="Tests\UsageTracking\SemrushTrackingTest" classname="Tests.UsageTracking.SemrushTrackingTest" assertions="1" time="0.014620"/>
        <testcase name="it fails fast for unsupported semrush requests" file="tests/UsageTracking/SemrushTrackingTest.php::it fails fast for unsupported semrush requests" class="Tests\UsageTracking\SemrushTrackingTest" classname="Tests.UsageTracking.SemrushTrackingTest" assertions="2" time="0.012652"/>
        <testcase name="it triggers semrush budget check after successful usage logging" file="tests/UsageTracking/SemrushTrackingTest.php::it triggers semrush budget check after successful usage logging" class="Tests\UsageTracking\SemrushTrackingTest" classname="Tests.UsageTracking.SemrushTrackingTest" assertions="2" time="0.025060"/>
      </testsuite>
      <testsuite name="Tests\Integrations\AhrefsConnectorTest" file="tests/Integrations/AhrefsConnectorTest.php" tests="2" assertions="3" errors="0" failures="0" skipped="0" time="0.052070">
        <testcase name="it resolves the correct base url" file="tests/Integrations/AhrefsConnectorTest.php::it resolves the correct base url" class="Tests\Integrations\AhrefsConnectorTest" classname="Tests.Integrations.AhrefsConnectorTest" assertions="1" time="0.040746"/>
        <testcase name="it can send a domain rating request" file="tests/Integrations/AhrefsConnectorTest.php::it can send a domain rating request" class="Tests\Integrations\AhrefsConnectorTest" classname="Tests.Integrations.AhrefsConnectorTest" assertions="2" time="0.011324"/>
      </testsuite>
      <testsuite name="Tests\Integrations\DataForSeoConnectorTest" file="tests/Integrations/DataForSeoConnectorTest.php" tests="2" assertions="3" errors="0" failures="0" skipped="0" time="0.024126">
        <testcase name="it resolves the correct base url" file="tests/Integrations/DataForSeoConnectorTest.php::it resolves the correct base url" class="Tests\Integrations\DataForSeoConnectorTest" classname="Tests.Integrations.DataForSeoConnectorTest" assertions="1" time="0.016762"/>
        <testcase name="it has correct timeout settings" file="tests/Integrations/DataForSeoConnectorTest.php::it has correct timeout settings" class="Tests\Integrations\DataForSeoConnectorTest" classname="Tests.Integrations.DataForSeoConnectorTest" assertions="2" time="0.007364"/>
      </testsuite>
    </testsuite>
  </testsuite>
</testsuites>
